Determining if the pthread_create exist failed with the following output:
Change Dir: /home/eaibot/robocom_ws/build/CMakeFiles/CMakeTmp

Run Build Command:"/usr/bin/make" "cmTC_a1ed5/fast"
/usr/bin/make -f CMakeFiles/cmTC_a1ed5.dir/build.make CMakeFiles/cmTC_a1ed5.dir/build
make[1]: Entering directory '/home/eaibot/robocom_ws/build/CMakeFiles/CMakeTmp'
Building C object CMakeFiles/cmTC_a1ed5.dir/CheckSymbolExists.c.o
/usr/bin/cc    -o CMakeFiles/cmTC_a1ed5.dir/CheckSymbolExists.c.o   -c /home/eaibot/robocom_ws/build/CMakeFiles/CMakeTmp/CheckSymbolExists.c
Linking C executable cmTC_a1ed5
/usr/bin/cmake -E cmake_link_script CMakeFiles/cmTC_a1ed5.dir/link.txt --verbose=1
/usr/bin/cc      -rdynamic CMakeFiles/cmTC_a1ed5.dir/CheckSymbolExists.c.o  -o cmTC_a1ed5 
CMakeFiles/cmTC_a1ed5.dir/CheckSymbolExists.c.o: In function `main':
CheckSymbolExists.c:(.text+0x1b): undefined reference to `pthread_create'
collect2: error: ld returned 1 exit status
CMakeFiles/cmTC_a1ed5.dir/build.make:97: recipe for target 'cmTC_a1ed5' failed
make[1]: *** [cmTC_a1ed5] Error 1
make[1]: Leaving directory '/home/eaibot/robocom_ws/build/CMakeFiles/CMakeTmp'
Makefile:126: recipe for target 'cmTC_a1ed5/fast' failed
make: *** [cmTC_a1ed5/fast] Error 2

File /home/eaibot/robocom_ws/build/CMakeFiles/CMakeTmp/CheckSymbolExists.c:
/* */
#include <pthread.h>

int main(int argc, char** argv)
{
  (void)argv;
#ifndef pthread_create
  return ((int*)(&pthread_create))[argc];
#else
  (void)argc;
  return 0;
#endif
}

Determining if the function pthread_create exists in the pthreads failed with the following output:
Change Dir: /home/eaibot/robocom_ws/build/CMakeFiles/CMakeTmp

Run Build Command:"/usr/bin/make" "cmTC_47e98/fast"
/usr/bin/make -f CMakeFiles/cmTC_47e98.dir/build.make CMakeFiles/cmTC_47e98.dir/build
make[1]: Entering directory '/home/eaibot/robocom_ws/build/CMakeFiles/CMakeTmp'
Building C object CMakeFiles/cmTC_47e98.dir/CheckFunctionExists.c.o
/usr/bin/cc   -DCHECK_FUNCTION_EXISTS=pthread_create   -o CMakeFiles/cmTC_47e98.dir/CheckFunctionExists.c.o   -c /usr/share/cmake-3.10/Modules/CheckFunctionExists.c
Linking C executable cmTC_47e98
/usr/bin/cmake -E cmake_link_script CMakeFiles/cmTC_47e98.dir/link.txt --verbose=1
/usr/bin/cc  -DCHECK_FUNCTION_EXISTS=pthread_create    -rdynamic CMakeFiles/cmTC_47e98.dir/CheckFunctionExists.c.o  -o cmTC_47e98 -lpthreads 
/usr/bin/ld: cannot find -lpthreads
collect2: error: ld returned 1 exit status
CMakeFiles/cmTC_47e98.dir/build.make:97: recipe for target 'cmTC_47e98' failed
make[1]: *** [cmTC_47e98] Error 1
make[1]: Leaving directory '/home/eaibot/robocom_ws/build/CMakeFiles/CMakeTmp'
Makefile:126: recipe for target 'cmTC_47e98/fast' failed
make: *** [cmTC_47e98/fast] Error 2


